<?xml version="1.0" encoding="UTF-8"?>
<!-- Generated by org.testng.reporters.JUnitReportReporter -->
<testsuite hostname="LAPTOP-4FVDVQMC" failures="0" tests="1" name="com.onlineLeaveManagetestng.ListDepartmentTest" time="2.198" errors="0" timestamp="2022-08-23T15:54:30 IST" skipped="0">
  <testcase classname="com.onlineLeaveManagetestng.ListDepartmentTest" name="verifyListDepartmentTest" time="2.198"/>
  <system-out/>
</testsuite> <!-- com.onlineLeaveManagetestng.ListDepartmentTest -->
